INFO: System started successfully.
WARNING: Disk space running low.
ERROR: Unable to connect to the database.
INFO: Scheduled backup completed.
CRITICAL: System overheating detected.
CRITICAL: System overheating detected.
ERROR: Unable to connect to the database.
INFO: Scheduled backup completed.
CRITICAL: System overheating detected.
CRITICAL: System overheating detected.
ERROR: Unable to connect to the database.
INFO: Scheduled backup completed.
CRITICAL: System overheating detected.
CRITICAL: System overheating detected.
CRITICAL: System overheating detected.
CRITICAL: System overheating detected.
CRITICAL: System overheating detected.
CRITICAL: System overheating detected.
ERROR: Unable to connect to the database.
CRITICAL: System overheating detected.
ERROR: Unable to connect to the database.
INFO: Scheduled backup completed.
ERROR: Unable to connect to the database.
CRITICAL: System overheating detected.
ERROR: Unable to connect to the database.
INFO: Scheduled backup completed.